<?xml version="1.0" encoding="UTF-8"?>
<!-- Generated by org.testng.reporters.JUnitXMLReporter -->
<testsuite hostname="DESKTOP-QQHIPVQ" ignored="0" name="Car Loan" tests="3" failures="0" timestamp="31 Mar 2021 06:46:25 GMT" time="0.037" errors="0">
  <testcase name="LoginAPICarLoan" time="0.003" classname="Test.Day3"/>
  <testcase name="MobileLoginCarLoan" time="0.009" classname="Test.Day3"/>
  <testcase name="WebLoginCarLoan" time="0.002" classname="Test.Day3"/>
</testsuite> <!-- Car Loan -->
