<?xml version="1.0" encoding="UTF-8"?>
<!-- Generated by org.testng.reporters.JUnitXMLReporter -->
<testsuite hostname="DESKTOP-QQHIPVQ" ignored="1" name="Test" tests="5" failures="0" timestamp="31 Mar 2021 06:46:25 GMT" time="0.055" errors="0">
  <testcase name="addition" time="0.006" classname="Test.Day1"/>
  <testcase name="demo" time="0.002" classname="Test.Day1"/>
  <testcase name="personalLoan" time="0.002" classname="Test.Day2"/>
  <testcase name="LoginAPIHomeLoan" time="0.002" classname="Test.Day4"/>
  <testcase name="WebLoginHomeLoan" time="0.001" classname="Test.Day4"/>
  <testcase name="MobileLoginHomeLoan" time="0.0" classname="Test.Day4">
    <ignored/>
  </testcase> <!-- MobileLoginHomeLoan -->
</testsuite> <!-- Test -->
